[23Apr2025 00:00:40.397] [Server thread/WARN] [net.minecraft.world.level.entity.PersistentEntitySectionManager/]: UUID of added entity already exists: FallingBlockEntity['Falling Hanging Coconut'/19728, l='ServerLevel[world]', x=591.50, y=78.00, z=631.50]
[23Apr2025 00:00:44.797] [Server thread/WARN] [net.minecraft.world.level.entity.PersistentEntitySectionManager/]: UUID of added entity already exists: FallingBlockEntity['Falling Hanging Coconut'/19746, l='ServerLevel[world]', x=583.50, y=76.00, z=522.50]
[23Apr2025 00:01:19.263] [Server thread/INFO] [net.minecraft.server.MinecraftServer/]: amigobuho360 was slain by Vertebrat
[23Apr2025 00:01:19.273] [Server thread/INFO] [tombstone/]: The player amigobuho360 has successfully been saved
[23Apr2025 00:01:21.206] [Server thread/INFO] [net.minecraft.server.MinecraftServer/]: ACUA-Ws was slain by Vertebrat
[23Apr2025 00:01:21.215] [Server thread/INFO] [tombstone/]: The player ACUA-Ws has successfully been saved
[23Apr2025 00:02:14.946] [Server thread/WARN] [net.minecraft.world.level.entity.PersistentEntitySectionManager/]: UUID of added entity already exists: FallingBlockEntity['Falling Hanging Coconut'/20733, l='ServerLevel[world]', x=270.50, y=77.00, z=108.50]
[23Apr2025 00:02:33.397] [Server thread/WARN] [net.minecraft.world.level.entity.PersistentEntitySectionManager/]: UUID of added entity already exists: FallingBlockEntity['Falling Hanging Coconut'/21520, l='ServerLevel[world]', x=212.50, y=73.00, z=174.50]
[23Apr2025 00:02:38.936] [Server thread/INFO] [net.minecraft.server.MinecraftServer/]: [amigobuho360: Teleported ACUA-Ws to amigobuho360]
[23Apr2025 00:03:01.856] [Server thread/INFO] [net.minecraft.server.MinecraftServer/]: amigobuho360 was slain by Vertebrat
[23Apr2025 00:03:01.869] [Server thread/INFO] [tombstone/]: The player amigobuho360 has successfully been saved
[23Apr2025 00:03:08.373] [Server thread/INFO] [net.minecraft.server.MinecraftServer/]: [amigobuho360: Teleported amigobuho360 to ACUA-Ws]
[23Apr2025 00:03:32.995] [Server thread/WARN] [net.minecraft.server.level.ServerLevel/]: Tried to add entity thalassophobia:bathotrap_spawn but it was marked as removed already
[23Apr2025 00:03:32.995] [Server thread/WARN] [net.minecraft.server.level.ServerLevel/]: Tried to add entity thalassophobia:bathotrap_spawn but it was marked as removed already
[23Apr2025 00:03:32.996] [Server thread/WARN] [net.minecraft.server.level.ServerLevel/]: Tried to add entity thalassophobia:bathotrap_spawn but it was marked as removed already
[23Apr2025 00:03:59.332] [Worker-Main-3/WARN] [net.minecraft.server.level.WorldGenRegion/]: Tried to access a block entity before it was created. BlockPos{x=367, y=-23, z=761}
[23Apr2025 00:03:59.333] [Worker-Main-3/WARN] [net.minecraft.server.level.WorldGenRegion/]: Tried to access a block entity before it was created. BlockPos{x=367, y=-23, z=765}
[23Apr2025 00:04:07.557] [Server thread/INFO] [net.minecraft.server.MinecraftServer/]: ACUA-Ws was slain by Vertebrat
[23Apr2025 00:04:07.574] [Server thread/INFO] [tombstone/]: The player ACUA-Ws has successfully been saved
[23Apr2025 00:04:16.930] [Server thread/INFO] [net.minecraft.server.MinecraftServer/]: [amigobuho360: Teleported ACUA-Ws to amigobuho360]
[23Apr2025 00:04:43.961] [Server thread/WARN] [net.minecraft.server.level.ServerLevel/]: Tried to add entity thalassophobia:bathotrap_spawn but it was marked as removed already
[23Apr2025 00:04:43.961] [Server thread/WARN] [net.minecraft.server.level.ServerLevel/]: Tried to add entity thalassophobia:bathotrap_spawn but it was marked as removed already
[23Apr2025 00:04:43.962] [Server thread/WARN] [net.minecraft.server.level.ServerLevel/]: Tried to add entity thalassophobia:bathotrap_spawn but it was marked as removed already
[23Apr2025 00:04:43.962] [Server thread/WARN] [net.minecraft.server.level.ServerLevel/]: Tried to add entity thalassophobia:bathotrap_spawn but it was marked as removed already
[23Apr2025 00:04:48.398] [Server thread/WARN] [net.minecraft.world.level.entity.PersistentEntitySectionManager/]: UUID of added entity already exists: FallingBlockEntity['Falling Hanging Coconut'/22917, l='ServerLevel[world]', x=607.50, y=70.00, z=549.50]
[23Apr2025 00:04:57.998] [Server thread/WARN] [net.minecraft.world.level.entity.PersistentEntitySectionManager/]: UUID of added entity already exists: FallingBlockEntity['Falling Hanging Coconut'/22995, l='ServerLevel[world]', x=609.50, y=70.00, z=549.50]
[23Apr2025 00:05:10.646] [Server thread/WARN] [net.minecraft.world.level.entity.PersistentEntitySectionManager/]: UUID of added entity already exists: FallingBlockEntity['Falling Hanging Coconut'/23058, l='ServerLevel[world]', x=645.50, y=76.00, z=585.50]
[23Apr2025 00:05:26.647] [Server thread/WARN] [net.minecraft.world.level.entity.PersistentEntitySectionManager/]: UUID of added entity already exists: FallingBlockEntity['Falling Hanging Coconut'/23130, l='ServerLevel[world]', x=543.50, y=70.00, z=651.50]
[23Apr2025 00:05:42.395] [Server thread/WARN] [net.minecraft.world.level.entity.PersistentEntitySectionManager/]: UUID of added entity already exists: FallingBlockEntity['Falling Hanging Coconut'/23229, l='ServerLevel[world]', x=545.50, y=70.00, z=653.50]
[23Apr2025 00:05:43.001] [Server thread/WARN] [net.minecraft.server.level.ServerLevel/]: Tried to add entity thalassophobia:bathotrap_spawn but it was marked as removed already
[23Apr2025 00:06:56.246] [Server thread/WARN] [net.minecraft.world.level.entity.PersistentEntitySectionManager/]: UUID of added entity already exists: FallingBlockEntity['Falling Hanging Coconut'/23616, l='ServerLevel[world]', x=599.50, y=72.00, z=841.50]
[23Apr2025 00:07:34.645] [Server thread/WARN] [net.minecraft.server.level.ServerLevel/]: Tried to add entity thalassophobia:bathotrap_spawn but it was marked as removed already
[23Apr2025 00:07:34.646] [Server thread/WARN] [net.minecraft.server.level.ServerLevel/]: Tried to add entity thalassophobia:bathotrap_spawn but it was marked as removed already
[23Apr2025 00:07:39.899] [Server thread/WARN] [net.minecraft.server.level.ServerLevel/]: Tried to add entity thalassophobia:bathotrap_spawn but it was marked as removed already
[23Apr2025 00:07:39.899] [Server thread/WARN] [net.minecraft.server.level.ServerLevel/]: Tried to add entity thalassophobia:bathotrap_spawn but it was marked as removed already
[23Apr2025 00:07:39.900] [Server thread/WARN] [net.minecraft.server.level.ServerLevel/]: Tried to add entity thalassophobia:bathotrap_spawn but it was marked as removed already
[23Apr2025 00:08:45.250] [Server thread/WARN] [net.minecraft.server.network.ServerGamePacketListenerImpl/]: amigobuho360 moved too quickly! -10.035953337867966,0.39557589867331444,0.15611917998489844
[23Apr2025 00:08:45.261] [Server thread/WARN] [net.minecraft.server.MinecraftServer/]: Can't keep up! Is the server overloaded? Running 2617ms or 52 ticks behind
[23Apr2025 00:09:35.900] [Server thread/WARN] [net.minecraft.server.level.ServerLevel/]: Tried to add entity thalassophobia:bathotrap_spawn but it was marked as removed already
[23Apr2025 00:09:36.498] [Server thread/WARN] [net.minecraft.server.level.ServerLevel/]: Tried to add entity thalassophobia:bathotrap_spawn but it was marked as removed already
[23Apr2025 00:09:36.646] [Server thread/WARN] [net.minecraft.server.level.ServerLevel/]: Tried to add entity thalassophobia:bathotrap_spawn but it was marked as removed already
[23Apr2025 00:09:36.754] [Server thread/WARN] [net.minecraft.server.level.ServerLevel/]: Tried to add entity thalassophobia:bathotrap_spawn but it was marked as removed already
[23Apr2025 00:10:30.132] [Server thread/INFO] [net.minecraft.server.MinecraftServer/]: ACUA-Ws was shot by The Swarmer
[23Apr2025 00:10:30.150] [Server thread/INFO] [tombstone/]: The player ACUA-Ws has successfully been saved
[23Apr2025 00:10:31.469] [Server thread/INFO] [net.minecraft.server.MinecraftServer/]: amigobuho360 was shot by Skeleton
[23Apr2025 00:10:31.477] [Server thread/INFO] [tombstone/]: The player amigobuho360 has successfully been saved
[23Apr2025 00:10:51.696] [Server thread/WARN] [net.minecraft.server.level.ServerLevel/]: Tried to add entity thalassophobia:bathotrap_spawn but it was marked as removed already
[23Apr2025 00:10:56.669] [Server thread/INFO] [net.minecraft.server.MinecraftServer/]: [amigobuho360: Teleported ACUA-Ws to amigobuho360]
[23Apr2025 00:10:57.348] [Server thread/WARN] [net.minecraft.server.level.ServerLevel/]: Tried to add entity thalassophobia:bathotrap_spawn but it was marked as removed already
[23Apr2025 00:11:00.597] [Server thread/WARN] [net.minecraft.server.level.ServerLevel/]: Tried to add entity thalassophobia:bathotrap_spawn but it was marked as removed already
[23Apr2025 00:11:06.269] [Server thread/INFO] [net.minecraft.server.MinecraftServer/]: amigobuho360 was shot by Skeleton
[23Apr2025 00:11:06.279] [Server thread/INFO] [tombstone/]: The player amigobuho360 has successfully been saved
[23Apr2025 00:11:27.323] [Server thread/INFO] [net.minecraft.server.MinecraftServer/]: [amigobuho360: Teleported amigobuho360 to ACUA-Ws]
[23Apr2025 00:11:42.349] [Server thread/WARN] [net.minecraft.server.level.ServerLevel/]: Tried to add entity thalassophobia:bathotrap_spawn but it was marked as removed already
[23Apr2025 00:11:45.701] [Server thread/WARN] [net.minecraft.server.level.ServerLevel/]: Tried to add entity thalassophobia:bathotrap_spawn but it was marked as removed already
[23Apr2025 00:12:03.412] [Server thread/INFO] [net.minecraft.server.MinecraftServer/]: amigobuho360 was slain by Dogu
[23Apr2025 00:12:03.436] [Server thread/INFO] [tombstone/]: The player amigobuho360 has successfully been saved
[23Apr2025 00:12:03.800] [Server thread/WARN] [net.minecraft.server.level.ServerLevel/]: Tried to add entity thalassophobia:bathotrap_spawn but it was marked as removed already
[23Apr2025 00:12:03.850] [Server thread/WARN] [net.minecraft.server.level.ServerLevel/]: Tried to add entity thalassophobia:bathotrap_spawn but it was marked as removed already
[23Apr2025 00:12:09.767] [Server thread/INFO] [net.minecraft.server.MinecraftServer/]: ACUA-Ws was slain by Bathotrap
[23Apr2025 00:12:09.781] [Server thread/INFO] [tombstone/]: The player ACUA-Ws has successfully been saved
[23Apr2025 00:12:09.972] [Server thread/WARN] [net.minecraft.server.network.ServerGamePacketListenerImpl/]: ACUA-Ws moved too quickly! -11.766174348465654,-2.9752669257695032,1.868484639337339
[23Apr2025 00:14:09.694] [Server thread/INFO] [net.minecraft.server.MinecraftServer/]: amigobuho360 has made the advancement [Knowledge raises the soul]
[23Apr2025 00:14:33.648] [Server thread/WARN] [net.minecraft.world.level.entity.PersistentEntitySectionManager/]: UUID of added entity already exists: FallingBlockEntity['Falling Hanging Coconut'/27840, l='ServerLevel[world]', x=125.50, y=73.00, z=276.50]
[23Apr2025 00:14:36.597] [Server thread/WARN] [net.minecraft.world.level.entity.PersistentEntitySectionManager/]: UUID of added entity already exists: FallingBlockEntity['Falling Hanging Coconut'/27866, l='ServerLevel[world]', x=125.50, y=73.00, z=277.50]
[23Apr2025 00:14:41.676] [Server thread/INFO] [net.minecraft.server.MinecraftServer/]: amigobuho360 was shot by Skeleton
[23Apr2025 00:14:41.685] [Server thread/INFO] [tombstone/]: The player amigobuho360 has successfully been saved
[23Apr2025 00:14:47.796] [Server thread/WARN] [net.minecraft.world.level.entity.PersistentEntitySectionManager/]: UUID of added entity already exists: FallingBlockEntity['Falling Hanging Coconut'/28041, l='ServerLevel[world]', x=266.50, y=79.00, z=238.50]
[23Apr2025 00:14:47.997] [Server thread/WARN] [net.minecraft.world.level.entity.PersistentEntitySectionManager/]: UUID of added entity already exists: FallingBlockEntity['Falling Hanging Coconut'/28042, l='ServerLevel[world]', x=92.50, y=73.00, z=271.50]
[23Apr2025 00:14:48.997] [Server thread/WARN] [net.minecraft.world.level.entity.PersistentEntitySectionManager/]: UUID of added entity already exists: FallingBlockEntity['Falling Hanging Coconut'/28052, l='ServerLevel[world]', x=109.50, y=73.00, z=273.50]
[23Apr2025 00:14:50.047] [Server thread/WARN] [net.minecraft.world.level.entity.PersistentEntitySectionManager/]: UUID of added entity already exists: FallingBlockEntity['Falling Hanging Coconut'/28056, l='ServerLevel[world]', x=91.50, y=73.00, z=272.50]
[23Apr2025 00:14:53.552] [Server thread/WARN] [net.minecraft.server.level.ServerLevel/]: Tried to add entity thalassophobia:bathotrap_spawn but it was marked as removed already
[23Apr2025 00:14:57.922] [Server thread/INFO] [net.minecraft.server.MinecraftServer/]: [amigobuho360: Teleported ACUA-Ws to amigobuho360]
[23Apr2025 00:15:40.467] [Server thread/INFO] [net.minecraft.server.MinecraftServer/]: ACUA-Ws was shot by Skeleton
[23Apr2025 00:15:40.475] [Server thread/INFO] [tombstone/]: The player ACUA-Ws has successfully been saved
[23Apr2025 00:16:04.570] [Server thread/INFO] [net.minecraft.server.MinecraftServer/]: [amigobuho360: Teleported ACUA-Ws to amigobuho360]
[23Apr2025 00:16:23.847] [Server thread/WARN] [net.minecraft.server.level.ServerLevel/]: Tried to add entity thalassophobia:bathotrap_spawn but it was marked as removed already
[23Apr2025 00:16:26.953] [Server thread/WARN] [net.minecraft.server.level.ServerLevel/]: Tried to add entity thalassophobia:bathotrap_spawn but it was marked as removed already
[23Apr2025 00:16:32.199] [Server thread/WARN] [net.minecraft.server.level.ServerLevel/]: Tried to add entity thalassophobia:bathotrap_spawn but it was marked as removed already
[23Apr2025 00:16:40.614] [Server thread/INFO] [net.minecraft.server.MinecraftServer/]: ACUA-Ws was slain by Spider
[23Apr2025 00:16:40.628] [Server thread/INFO] [tombstone/]: The player ACUA-Ws has successfully been saved
[23Apr2025 00:16:52.835] [Server thread/INFO] [net.minecraft.server.MinecraftServer/]: [amigobuho360: Teleported ACUA-Ws to amigobuho360]
[23Apr2025 00:17:01.497] [Server thread/WARN] [net.minecraft.server.level.ServerLevel/]: Tried to add entity thalassophobia:bathotrap_spawn but it was marked as removed already
[23Apr2025 00:17:05.200] [Server thread/WARN] [net.minecraft.server.level.ServerLevel/]: Tried to add entity thalassophobia:bathotrap_spawn but it was marked as removed already
[23Apr2025 00:17:07.647] [Server thread/WARN] [net.minecraft.server.level.ServerLevel/]: Tried to add entity thalassophobia:bathotrap_spawn but it was marked as removed already
[23Apr2025 00:17:21.350] [Server thread/WARN] [net.minecraft.server.level.ServerLevel/]: Tried to add entity thalassophobia:bathotrap_spawn but it was marked as removed already
[23Apr2025 00:17:28.660] [Server thread/INFO] [net.minecraft.server.MinecraftServer/]: ACUA-Ws was slain by Sucker
[23Apr2025 00:17:28.673] [Server thread/INFO] [tombstone/]: The player ACUA-Ws has successfully been saved
[23Apr2025 00:18:03.464] [Server thread/INFO] [net.minecraft.server.MinecraftServer/]: amigobuho360 was slain by Zombie
[23Apr2025 00:18:03.481] [Server thread/INFO] [tombstone/]: The player amigobuho360 has successfully been saved
[23Apr2025 00:18:04.861] [Server thread/INFO] [net.minecraft.server.MinecraftServer/]: amigobuho360 has made the advancement [The Most Useful Key]
[23Apr2025 00:18:10.637] [Server thread/INFO] [net.minecraft.server.MinecraftServer/]: amigobuho360 has reached the goal [A Fast Comeback]
[23Apr2025 00:18:18.547] [Server thread/WARN] [net.minecraft.server.level.ServerLevel/]: Tried to add entity thalassophobia:bathotrap_spawn but it was marked as removed already
[23Apr2025 00:18:19.086] [Server thread/INFO] [net.minecraft.server.MinecraftServer/]: [amigobuho360: Teleported ACUA-Ws to amigobuho360]
[23Apr2025 00:19:02.260] [Server thread/INFO] [net.minecraft.server.MinecraftServer/]: amigobuho360 was slain by Sucker
[23Apr2025 00:19:02.269] [Server thread/INFO] [tombstone/]: The player amigobuho360 has successfully been saved
[23Apr2025 00:19:02.351] [Netty Epoll Server IO #3/ERROR] [net.bettercombat.network.ServerNetwork/]: Server handling Packets.C2S_AttackRequest - No current attack hand!
[23Apr2025 00:19:02.351] [Netty Epoll Server IO #3/ERROR] [net.bettercombat.network.ServerNetwork/]: Combo count: 19 is dual wielding: false
[23Apr2025 00:19:02.351] [Netty Epoll Server IO #3/ERROR] [net.bettercombat.network.ServerNetwork/]: Main-hand stack: 0 air
[23Apr2025 00:19:02.351] [Netty Epoll Server IO #3/ERROR] [net.bettercombat.network.ServerNetwork/]: Off-hand stack: 0 air
[23Apr2025 00:19:02.352] [Netty Epoll Server IO #3/ERROR] [net.bettercombat.network.ServerNetwork/]: Selected slot server: 0 | client: 0
[23Apr2025 00:19:15.434] [Server thread/INFO] [net.minecraft.server.MinecraftServer/]: [amigobuho360: Teleported amigobuho360 to ACUA-Ws]
[23Apr2025 00:19:19.314] [Server thread/INFO] [net.minecraft.server.MinecraftServer/]: ACUA-Ws was shot by Skeleton Girl
[23Apr2025 00:19:19.322] [Server thread/INFO] [tombstone/]: The player ACUA-Ws has successfully been saved
[23Apr2025 00:19:54.917] [Server thread/INFO] [net.minecraft.server.MinecraftServer/]: [amigobuho360: Teleported ACUA-Ws to amigobuho360]
[23Apr2025 00:20:35.550] [Server thread/WARN] [net.minecraft.server.level.ServerLevel/]: Tried to add entity thalassophobia:bathotrap_spawn but it was marked as removed already
[23Apr2025 00:20:35.550] [Server thread/WARN] [net.minecraft.server.level.ServerLevel/]: Tried to add entity thalassophobia:bathotrap_spawn but it was marked as removed already
[23Apr2025 00:20:42.798] [Server thread/WARN] [net.minecraft.server.level.ServerLevel/]: Tried to add entity thalassophobia:bathotrap_spawn but it was marked as removed already
[23Apr2025 00:20:42.798] [Server thread/WARN] [net.minecraft.server.level.ServerLevel/]: Tried to add entity thalassophobia:bathotrap_spawn but it was marked as removed already
[23Apr2025 00:20:42.798] [Server thread/WARN] [net.minecraft.server.level.ServerLevel/]: Tried to add entity thalassophobia:bathotrap_spawn but it was marked as removed already
[23Apr2025 00:20:42.799] [Server thread/WARN] [net.minecraft.server.level.ServerLevel/]: Tried to add entity thalassophobia:bathotrap_spawn but it was marked as removed already
[23Apr2025 00:21:32.791] [Server thread/INFO] [net.minecraft.server.MinecraftServer/]: [amigobuho360: Teleported ACUA-Ws to amigobuho360]
[23Apr2025 00:26:01.108] [Server thread/INFO] [net.minecraft.server.network.ServerGamePacketListenerImpl/]: ACUA-Ws lost connection: Disconnected
[23Apr2025 00:26:01.108] [Server thread/INFO] [net.minecraft.server.MinecraftServer/]: ACUA-Ws left the game
[23Apr2025 00:26:29.549] [Server thread/WARN] [net.minecraft.server.level.ServerLevel/]: Tried to add entity thalassophobia:bathotrap_spawn but it was marked as removed already
[23Apr2025 00:26:29.550] [Server thread/WARN] [net.minecraft.server.level.ServerLevel/]: Tried to add entity thalassophobia:bathotrap_spawn but it was marked as removed already
[23Apr2025 00:26:29.550] [Server thread/WARN] [net.minecraft.server.level.ServerLevel/]: Tried to add entity thalassophobia:bathotrap_spawn but it was marked as removed already
[23Apr2025 00:27:34.896] [Server thread/WARN] [net.minecraft.server.level.ServerLevel/]: Tried to add entity thalassophobia:bathotrap_spawn but it was marked as removed already
[23Apr2025 00:27:47.653] [Worker-Main-1/WARN] [net.minecraft.server.level.WorldGenRegion/]: Tried to access a block entity before it was created. BlockPos{x=26, y=-31, z=1139}
[23Apr2025 00:28:29.647] [Server thread/WARN] [net.minecraft.server.level.ServerLevel/]: Tried to add entity thalassophobia:bathotrap_spawn but it was marked as removed already
[23Apr2025 00:29:43.396] [Server thread/WARN] [net.minecraft.server.level.ServerLevel/]: Tried to add entity thalassophobia:bathotrap_spawn but it was marked as removed already
[23Apr2025 00:29:45.596] [Server thread/WARN] [net.minecraft.server.level.ServerLevel/]: Tried to add entity thalassophobia:bathotrap_spawn but it was marked as removed already
[23Apr2025 00:29:45.597] [Server thread/WARN] [net.minecraft.server.level.ServerLevel/]: Tried to add entity thalassophobia:bathotrap_spawn but it was marked as removed already
[23Apr2025 00:29:53.196] [Server thread/WARN] [net.minecraft.server.level.ServerLevel/]: Tried to add entity thalassophobia:bathotrap_spawn but it was marked as removed already
[23Apr2025 00:29:53.197] [Server thread/WARN] [net.minecraft.server.level.ServerLevel/]: Tried to add entity thalassophobia:bathotrap_spawn but it was marked as removed already
[23Apr2025 00:30:56.346] [Server thread/WARN] [net.minecraft.server.level.ServerLevel/]: Tried to add entity thalassophobia:bathotrap_spawn but it was marked as removed already
[23Apr2025 00:30:56.346] [Server thread/WARN] [net.minecraft.server.level.ServerLevel/]: Tried to add entity thalassophobia:bathotrap_spawn but it was marked as removed already
[23Apr2025 00:33:00.896] [Server thread/WARN] [net.minecraft.server.level.ServerLevel/]: Tried to add entity thalassophobia:bathotrap_spawn but it was marked as removed already
[23Apr2025 00:33:12.066] [Server thread/INFO] [net.minecraft.server.players.PlayerList/]: Mondongo[/127.202.202.172:35819] logged in with entity id 36249 at (111.5, 72.0, -168.5)
[23Apr2025 00:33:12.067] [Server thread/INFO] [ModdingLegacy/blue_skies/]: Sending ToolHandleTypeManager to Mondongo
[23Apr2025 00:33:12.067] [Server thread/INFO] [ModdingLegacy/blue_skies/]: Sending SnowcapOvenFreezingManager to Mondongo
[23Apr2025 00:33:12.067] [Server thread/INFO] [ModdingLegacy/blue_skies/]: Sending HorizoniteForgeFuelManager to Mondongo
[23Apr2025 00:33:12.067] [Server thread/INFO] [ModdingLegacy/blue_skies/]: Sending AlchemyRecipeManager to Mondongo
[23Apr2025 00:33:12.070] [Server thread/INFO] [ModdingLegacy/blue_skies/]: Sending JournalEntryManager to Mondongo
[23Apr2025 00:33:12.072] [Server thread/INFO] [ModdingLegacy/blue_skies/]: Sending JournalSectionManager to Mondongo
[23Apr2025 00:33:12.072] [Server thread/INFO] [ModdingLegacy/blue_skies/]: Sending JournalRequirementManager to Mondongo
[23Apr2025 00:33:12.082] [Server thread/INFO] [net.minecraft.server.MinecraftServer/]: Mondongo joined the game
[23Apr2025 00:33:12.121] [Server thread/INFO] [net.minecraft.server.MinecraftServer/]: Mondongo has reached the goal [Choose Your Class]
[23Apr2025 00:33:12.121] [Server thread/INFO] [Jade/]: Syncing config to Mondongo (2b90c025-deb2-3151-a1dc-c6e27c00f9db)
[23Apr2025 00:33:12.174] [Server thread/INFO] [net.minecraft.server.MinecraftServer/]: Mondongo has completed the challenge [The Undead]
[23Apr2025 00:33:12.174] [Server thread/INFO] [net.minecraft.server.MinecraftServer/]: Mondongo has made the advancement [Orcz Challenges]
[23Apr2025 00:33:46.346] [Server thread/WARN] [net.minecraft.server.level.ServerLevel/]: Tried to add entity thalassophobia:bathotrap_spawn but it was marked as removed already
[23Apr2025 00:34:18.047] [Server thread/WARN] [net.minecraft.world.level.entity.PersistentEntitySectionManager/]: UUID of added entity already exists: FallingBlockEntity['Falling Hanging Coconut'/36667, l='ServerLevel[world]', x=-79.50, y=76.00, z=1324.50]
[23Apr2025 00:34:38.296] [Server thread/WARN] [net.minecraft.server.level.ServerLevel/]: Tried to add entity thalassophobia:bathotrap_spawn but it was marked as removed already
[23Apr2025 00:35:08.497] [Server thread/WARN] [net.minecraft.server.level.ServerLevel/]: Tried to add entity thalassophobia:bathotrap_spawn but it was marked as removed already
[23Apr2025 00:35:08.497] [Server thread/WARN] [net.minecraft.server.level.ServerLevel/]: Tried to add entity thalassophobia:bathotrap_spawn but it was marked as removed already
[23Apr2025 00:35:36.497] [Server thread/WARN] [net.minecraft.server.level.ServerLevel/]: Tried to add entity thalassophobia:bathotrap_spawn but it was marked as removed already
[23Apr2025 00:36:31.647] [Server thread/WARN] [net.minecraft.world.level.entity.PersistentEntitySectionManager/]: UUID of added entity already exists: FallingBlockEntity['Falling Hanging Coconut'/37551, l='ServerLevel[world]', x=-42.50, y=75.00, z=-126.50]
[23Apr2025 00:36:52.441] [Server thread/INFO] [net.minecraft.server.MinecraftServer/]: Mondongo has made the advancement [Monster Hunter]
[23Apr2025 00:37:18.448] [Server thread/WARN] [net.minecraft.world.level.entity.PersistentEntitySectionManager/]: UUID of added entity already exists: FallingBlockEntity['Falling Hanging Coconut'/37802, l='ServerLevel[world]', x=-56.50, y=72.00, z=-109.50]
[23Apr2025 00:37:21.396] [Server thread/WARN] [net.minecraft.server.level.ServerLevel/]: Tried to add entity thalassophobia:bathotrap_spawn but it was marked as removed already
[23Apr2025 00:37:38.897] [Server thread/WARN] [net.minecraft.server.level.ServerLevel/]: Tried to add entity thalassophobia:bathotrap_spawn but it was marked as removed already
[23Apr2025 00:37:38.898] [Server thread/WARN] [net.minecraft.server.level.ServerLevel/]: Tried to add entity thalassophobia:bathotrap_spawn but it was marked as removed already
[23Apr2025 00:38:13.048] [Server thread/WARN] [net.minecraft.server.level.ServerLevel/]: Tried to add entity thalassophobia:bathotrap_spawn but it was marked as removed already
[23Apr2025 00:38:13.048] [Server thread/WARN] [net.minecraft.server.level.ServerLevel/]: Tried to add entity thalassophobia:bathotrap_spawn but it was marked as removed already
[23Apr2025 00:38:33.998] [Server thread/WARN] [net.minecraft.world.level.entity.PersistentEntitySectionManager/]: UUID of added entity already exists: FallingBlockEntity['Falling Hanging Coconut'/38612, l='ServerLevel[world]', x=-57.50, y=72.00, z=-111.50]
[23Apr2025 00:38:46.285] [Server thread/INFO] [net.minecraft.server.MinecraftServer/]: [amigobuho360: Teleported Mondongo to amigobuho360]
[23Apr2025 00:39:13.268] [Server thread/INFO] [net.minecraft.server.MinecraftServer/]: Mondongo was slain by Corpse Fly
[23Apr2025 00:39:13.270] [Server thread/INFO] [net.minecraft.server.MinecraftServer/]: Mondongo has made the advancement [Your First Grave]
[23Apr2025 00:39:13.275] [Server thread/INFO] [tombstone/]: The player Mondongo has successfully been saved
[23Apr2025 00:39:27.920] [Server thread/INFO] [net.minecraft.server.MinecraftServer/]: [amigobuho360: Teleported Mondongo to amigobuho360]
[23Apr2025 00:40:11.846] [Server thread/WARN] [net.minecraft.server.level.ServerLevel/]: Tried to add entity thalassophobia:bathotrap_spawn but it was marked as removed already
[23Apr2025 00:40:11.847] [Server thread/WARN] [net.minecraft.server.level.ServerLevel/]: Tried to add entity thalassophobia:bathotrap_spawn but it was marked as removed already
[23Apr2025 00:40:34.561] [Server thread/INFO] [net.minecraft.server.network.ServerGamePacketListenerImpl/]: Mondongo lost connection: Disconnected
[23Apr2025 00:40:34.561] [Server thread/INFO] [net.minecraft.server.MinecraftServer/]: Mondongo left the game
[23Apr2025 00:40:50.963] [Server thread/INFO] [net.minecraft.server.network.ServerGamePacketListenerImpl/]: amigobuho360 lost connection: Disconnected
[23Apr2025 00:40:50.963] [Server thread/INFO] [net.minecraft.server.MinecraftServer/]: amigobuho360 left the game
[23Apr2025 00:41:12.148] [Server thread/INFO] [net.minecraft.server.MinecraftServer/]: Stopping the server
[23Apr2025 00:41:12.195] [Server thread/INFO] [net.minecraft.server.MinecraftServer/]: Stopping server
[23Apr2025 00:41:12.196] [Server thread/INFO] [net.minecraft.server.MinecraftServer/]: Saving players
[23Apr2025 00:41:12.196] [Server thread/INFO] [net.minecraft.server.MinecraftServer/]: Saving worlds
[23Apr2025 00:41:12.409] [Server thread/INFO] [net.minecraft.server.MinecraftServer/]: Saving chunks for level 'ServerLevel[world]'/minecraft:overworld
[23Apr2025 00:41:13.085] [Server thread/INFO] [net.minecraft.server.MinecraftServer/]: Saving chunks for level 'ServerLevel[world]'/blue_skies:everbright
[23Apr2025 00:41:13.086] [Server thread/INFO] [net.minecraft.server.MinecraftServer/]: Saving chunks for level 'ServerLevel[world]'/minecraft:the_end
[23Apr2025 00:41:13.087] [Server thread/INFO] [net.minecraft.server.MinecraftServer/]: Saving chunks for level 'ServerLevel[world]'/faded_conquest_2:the_abyss
[23Apr2025 00:41:13.087] [Server thread/INFO] [net.minecraft.server.MinecraftServer/]: Saving chunks for level 'ServerLevel[world]'/minecraft:the_nether
[23Apr2025 00:41:13.088] [Server thread/INFO] [net.minecraft.server.MinecraftServer/]: Saving chunks for level 'ServerLevel[world]'/blue_skies:everdawn
[23Apr2025 00:41:13.088] [Server thread/INFO] [net.minecraft.server.MinecraftServer/]: Saving chunks for level 'ServerLevel[world]'/graveyard:past
[23Apr2025 00:41:13.089] [Server thread/INFO] [net.minecraft.server.MinecraftServer/]: Saving chunks for level 'ServerLevel[world]'/faded_conquest_2:the_mirror_realm
[23Apr2025 00:41:13.089] [Server thread/INFO] [net.minecraft.server.MinecraftServer/]: Saving chunks for level 'ServerLevel[world]'/twilightforest:twilight_forest
[23Apr2025 00:41:13.238] [Server thread/INFO] [net.minecraft.server.MinecraftServer/]: ThreadedAnvilChunkStorage (world): All chunks are saved
[23Apr2025 00:41:13.239] [Server thread/INFO] [net.minecraft.server.MinecraftServer/]: ThreadedAnvilChunkStorage (everbright): All chunks are saved
[23Apr2025 00:41:13.239] [Server thread/INFO] [net.minecraft.server.MinecraftServer/]: ThreadedAnvilChunkStorage (DIM1): All chunks are saved
[23Apr2025 00:41:13.239] [Server thread/INFO] [net.minecraft.server.MinecraftServer/]: ThreadedAnvilChunkStorage (the_abyss): All chunks are saved
[23Apr2025 00:41:13.239] [Server thread/INFO] [net.minecraft.server.MinecraftServer/]: ThreadedAnvilChunkStorage (DIM-1): All chunks are saved
[23Apr2025 00:41:13.239] [Server thread/INFO] [net.minecraft.server.MinecraftServer/]: ThreadedAnvilChunkStorage (everdawn): All chunks are saved
[23Apr2025 00:41:13.239] [Server thread/INFO] [net.minecraft.server.MinecraftServer/]: ThreadedAnvilChunkStorage (past): All chunks are saved
[23Apr2025 00:41:13.239] [Server thread/INFO] [net.minecraft.server.MinecraftServer/]: ThreadedAnvilChunkStorage (the_mirror_realm): All chunks are saved
[23Apr2025 00:41:13.239] [Server thread/INFO] [net.minecraft.server.MinecraftServer/]: ThreadedAnvilChunkStorage (twilight_forest): All chunks are saved
[23Apr2025 00:41:13.239] [Server thread/INFO] [net.minecraft.server.MinecraftServer/]: ThreadedAnvilChunkStorage: All dimensions are saved
[23Apr2025 00:41:13.296] [Server thread/INFO] [Framework/]: Unloading server configs...
[23Apr2025 00:41:13.297] [Server thread/INFO] [Framework/]: Sending config unload event for goblintraders-entities.toml
[23Apr2025 00:41:13.299] [Server thread/INFO] [Framework/]: Finished unloading server configs
[23Apr2025 00:41:13.303] [Server thread/INFO] [journeymap/]: Loading JourneyMap Forge Configs
